<?xml version="1.0" encoding="UTF-8"?>
<testsuite name="Tests" tests="8" skipped="0" failures="0" errors="0" timestamp="2021-10-26T14:07:34" hostname="LAPTOP-6NPIVCHK" time="0.365">
  <properties/>
  <testcase name="addBookToFullLibrary" classname="Tests" time="0.342"/>
  <testcase name="getBookFromEmptyCell" classname="Tests" time="0.001"/>
  <testcase name="printLibraryIntoConsole" classname="Tests" time="0.011"/>
  <testcase name="addingBookInLibraryOnFirstCell" classname="Tests" time="0.0"/>
  <testcase name="getCorrectBookFromLibrary" classname="Tests" time="0.007"/>
  <testcase name="booksCorrectlyPositionedInCell" classname="Tests" time="0.001"/>
  <testcase name="numOfBooksInFabricMoreThanLibrarySize" classname="Tests" time="0.001"/>
  <testcase name="getBookAndCellInfo" classname="Tests" time="0.001"/>
  <system-out><![CDATA[]]></system-out>
  <system-err><![CDATA[]]></system-err>
</testsuite>
